{"uuid":"dfbba6d3-544c-4ae9-9b66-eecc8ddd5297","historyId":"7e201b5e39fb5bce758e1074c3a63d0d","fullName":"test.TestAsign2B.Test01_CreateProject","labels":[{"name":"package","value":"test.TestAsign2B"},{"name":"testClass","value":"test.TestAsign2B"},{"name":"testMethod","value":"Test01_CreateProject"},{"name":"parentSuite","value":"Suite"},{"name":"suite","value":"Test Case"},{"name":"subSuite","value":"test.TestAsign2B"},{"name":"host","value":"DESKTOP-FFQQAKU"},{"name":"thread","value":"23080@DESKTOP-FFQQAKU.main(1)"},{"name":"framework","value":"testng"},{"name":"language","value":"java"}],"links":[],"name":"successfully","status":"broken","statusDetails":{"known":false,"muted":false,"flaky":false,"message":"element not interactable\n  (Session info: chrome=103.0.5060.53)\nBuild info: version: '4.1.3', revision: '7b1ebf28ef'\nSystem info: host: 'DESKTOP-FFQQAKU', ip: '172.16.2.249', os.name: 'Windows 10', os.arch: 'amd64', os.version: '10.0', java.version: '11.0.13'\nDriver info: org.openqa.selenium.chrome.ChromeDriver\nCommand: [93ed2235776d315f668c5e4903b19165, sendKeysToElement {id=f12ae7b7-b41c-416f-94a3-4965b398ce14, value=[Ljava.lang.CharSequence;@26aecf31}]\nCapabilities {acceptInsecureCerts: false, browserName: chrome, browserVersion: 103.0.5060.53, chrome: {chromedriverVersion: 103.0.5060.53 (a1711811edd7..., userDataDir: C:\\Users\\ACER\\AppData\\Local...}, goog:chromeOptions: {debuggerAddress: localhost:50404}, javascriptEnabled: true, networkConnectionEnabled: false, pageLoadStrategy: normal, platform: WINDOWS, platformName: WINDOWS, proxy: Proxy(), se:cdp: ws://localhost:50404/devtoo..., se:cdpVersion: 103.0.5060.53, setWindowRect: true, strictFileInteractability: false, timeouts: {implicit: 0, pageLoad: 300000, script: 30000}, unhandledPromptBehavior: dismiss and notify, webauthn:extension:credBlob: true, webauthn:extension:largeBlob: true, webauthn:virtualAuthenticators: true}\nElement: [[ChromeDriver: chrome on WINDOWS (93ed2235776d315f668c5e4903b19165)] -> xpath: //div[@class='task_editor__input_fields']]\nSession ID: 93ed2235776d315f668c5e4903b19165","trace":"org.openqa.selenium.ElementNotInteractableException: element not interactable\n  (Session info: chrome=103.0.5060.53)\nBuild info: version: '4.1.3', revision: '7b1ebf28ef'\nSystem info: host: 'DESKTOP-FFQQAKU', ip: '172.16.2.249', os.name: 'Windows 10', os.arch: 'amd64', os.version: '10.0', java.version: '11.0.13'\nDriver info: org.openqa.selenium.chrome.ChromeDriver\nCommand: [93ed2235776d315f668c5e4903b19165, sendKeysToElement {id=f12ae7b7-b41c-416f-94a3-4965b398ce14, value=[Ljava.lang.CharSequence;@26aecf31}]\nCapabilities {acceptInsecureCerts: false, browserName: chrome, browserVersion: 103.0.5060.53, chrome: {chromedriverVersion: 103.0.5060.53 (a1711811edd7..., userDataDir: C:\\Users\\ACER\\AppData\\Local...}, goog:chromeOptions: {debuggerAddress: localhost:50404}, javascriptEnabled: true, networkConnectionEnabled: false, pageLoadStrategy: normal, platform: WINDOWS, platformName: WINDOWS, proxy: Proxy(), se:cdp: ws://localhost:50404/devtoo..., se:cdpVersion: 103.0.5060.53, setWindowRect: true, strictFileInteractability: false, timeouts: {implicit: 0, pageLoad: 300000, script: 30000}, unhandledPromptBehavior: dismiss and notify, webauthn:extension:credBlob: true, webauthn:extension:largeBlob: true, webauthn:virtualAuthenticators: true}\nElement: [[ChromeDriver: chrome on WINDOWS (93ed2235776d315f668c5e4903b19165)] -> xpath: //div[@class='task_editor__input_fields']]\nSession ID: 93ed2235776d315f668c5e4903b19165\r\n\tat java.base/jdk.internal.reflect.NativeConstructorAccessorImpl.newInstance0(Native Method)\r\n\tat java.base/jdk.internal.reflect.NativeConstructorAccessorImpl.newInstance(NativeConstructorAccessorImpl.java:62)\r\n\tat java.base/jdk.internal.reflect.DelegatingConstructorAccessorImpl.newInstance(DelegatingConstructorAccessorImpl.java:45)\r\n\tat java.base/java.lang.reflect.Constructor.newInstance(Constructor.java:490)\r\n\tat org.openqa.selenium.remote.codec.w3c.W3CHttpResponseCodec.createException(W3CHttpResponseCodec.java:200)\r\n\tat org.openqa.selenium.remote.codec.w3c.W3CHttpResponseCodec.decode(W3CHttpResponseCodec.java:133)\r\n\tat org.openqa.selenium.remote.codec.w3c.W3CHttpResponseCodec.decode(W3CHttpResponseCodec.java:53)\r\n\tat org.openqa.selenium.remote.HttpCommandExecutor.execute(HttpCommandExecutor.java:184)\r\n\tat org.openqa.selenium.remote.service.DriverCommandExecutor.invokeExecute(DriverCommandExecutor.java:167)\r\n\tat org.openqa.selenium.remote.service.DriverCommandExecutor.execute(DriverCommandExecutor.java:142)\r\n\tat org.openqa.selenium.remote.RemoteWebDriver.execute(RemoteWebDriver.java:567)\r\n\tat org.openqa.selenium.remote.RemoteWebElement.execute(RemoteWebElement.java:251)\r\n\tat org.openqa.selenium.remote.RemoteWebElement.sendKeys(RemoteWebElement.java:107)\r\n\tat WebKeywords.WebKeywords.sendKeys(WebKeywords.java:424)\r\n\tat pages.ProjectPage.inputNameTask(ProjectPage.java:23)\r\n\tat test.TestAsign2B.Test01_CreateProject(TestAsign2B.java:68)\r\n\tat java.base/jdk.internal.reflect.NativeMethodAccessorImpl.invoke0(Native Method)\r\n\tat java.base/jdk.internal.reflect.NativeMethodAccessorImpl.invoke(NativeMethodAccessorImpl.java:62)\r\n\tat java.base/jdk.internal.reflect.DelegatingMethodAccessorImpl.invoke(DelegatingMethodAccessorImpl.java:43)\r\n\tat java.base/java.lang.reflect.Method.invoke(Method.java:566)\r\n\tat org.testng.internal.invokers.MethodInvocationHelper.invokeMethod(MethodInvocationHelper.java:135)\r\n\tat org.testng.internal.invokers.TestInvoker.invokeMethod(TestInvoker.java:673)\r\n\tat org.testng.internal.invokers.TestInvoker.invokeTestMethod(TestInvoker.java:220)\r\n\tat org.testng.internal.invokers.MethodRunner.runInSequence(MethodRunner.java:50)\r\n\tat org.testng.internal.invokers.TestInvoker$MethodInvocationAgent.invoke(TestInvoker.java:945)\r\n\tat org.testng.internal.invokers.TestInvoker.invokeTestMethods(TestInvoker.java:193)\r\n\tat org.testng.internal.invokers.TestMethodWorker.invokeTestMethods(TestMethodWorker.java:146)\r\n\tat org.testng.internal.invokers.TestMethodWorker.run(TestMethodWorker.java:128)\r\n\tat java.base/java.util.ArrayList.forEach(ArrayList.java:1541)\r\n\tat org.testng.TestRunner.privateRun(TestRunner.java:808)\r\n\tat org.testng.TestRunner.run(TestRunner.java:603)\r\n\tat org.testng.SuiteRunner.runTest(SuiteRunner.java:429)\r\n\tat org.testng.SuiteRunner.runSequentially(SuiteRunner.java:423)\r\n\tat org.testng.SuiteRunner.privateRun(SuiteRunner.java:383)\r\n\tat org.testng.SuiteRunner.run(SuiteRunner.java:326)\r\n\tat org.testng.SuiteRunnerWorker.runSuite(SuiteRunnerWorker.java:52)\r\n\tat org.testng.SuiteRunnerWorker.run(SuiteRunnerWorker.java:95)\r\n\tat org.testng.TestNG.runSuitesSequentially(TestNG.java:1249)\r\n\tat org.testng.TestNG.runSuitesLocally(TestNG.java:1169)\r\n\tat org.testng.TestNG.runSuites(TestNG.java:1092)\r\n\tat org.testng.TestNG.run(TestNG.java:1060)\r\n\tat com.intellij.rt.testng.IDEARemoteTestNG.run(IDEARemoteTestNG.java:66)\r\n\tat com.intellij.rt.testng.RemoteTestNGStarter.main(RemoteTestNGStarter.java:109)\r\n"},"stage":"finished","steps":[{"name":"Go to login page","status":"passed","stage":"finished","steps":[],"attachments":[],"parameters":[],"start":1655976012272,"stop":1655976012497},{"name":"Login with account","status":"passed","stage":"finished","steps":[{"name":"input email","status":"passed","stage":"finished","steps":[],"attachments":[{"name":"Form screenshot","source":"f89867be-4d94-47d8-8356-be9b498722cc-attachment","type":"image/png"}],"parameters":[{"name":"mail","value":"lennt2k@gmail.com"}],"start":1655976012502,"stop":1655976014354},{"name":"input password","status":"passed","stage":"finished","steps":[],"attachments":[{"name":"Form screenshot","source":"a16bf1a3-4341-4865-babf-84a0d22d5aec-attachment","type":"image/png"}],"parameters":[{"name":"password","value":"Len181403032"}],"start":1655976014355,"stop":1655976014609},{"name":"CLick button login","status":"passed","stage":"finished","steps":[],"attachments":[],"parameters":[],"start":1655976014609,"stop":1655976014694}],"attachments":[],"parameters":[{"name":"mail","value":"lennt2k@gmail.com"},{"name":"password","value":"Len181403032"}],"start":1655976012502,"stop":1655976014694},{"name":"click settings","status":"passed","stage":"finished","steps":[],"attachments":[{"name":"Form screenshot","source":"f41ddab3-a437-4a35-8356-381be566bd29-attachment","type":"image/png"}],"parameters":[],"start":1655976017695,"stop":1655976020458},{"name":"Get access token","status":"passed","stage":"finished","steps":[],"attachments":[{"name":"Form screenshot","source":"6eecccfb-5e56-4eef-b83c-f1a199b210cb-attachment","type":"image/png"},{"name":"Form screenshot","source":"069e708b-51d1-40c6-a88f-47c0df49b1ea-attachment","type":"image/png"}],"parameters":[],"start":1655976020459,"stop":1655976021222},{"name":"Click button exit","status":"passed","stage":"finished","steps":[],"attachments":[],"parameters":[],"start":1655976027481,"stop":1655976027658},{"name":"Click project","status":"passed","stage":"finished","steps":[],"attachments":[],"parameters":[{"name":"nameProject","value":"hi"}],"start":1655976027658,"stop":1655976028130},{"name":"Click button add new task","status":"passed","stage":"finished","steps":[],"attachments":[],"parameters":[],"start":1655976028130,"stop":1655976028412},{"name":"Input name task","status":"broken","statusDetails":{"known":false,"muted":false,"flaky":false,"message":"element not interactable\n  (Session info: chrome=103.0.5060.53)\nBuild info: version: '4.1.3', revision: '7b1ebf28ef'\nSystem info: host: 'DESKTOP-FFQQAKU', ip: '172.16.2.249', os.name: 'Windows 10', os.arch: 'amd64', os.version: '10.0', java.version: '11.0.13'\nDriver info: org.openqa.selenium.chrome.ChromeDriver\nCommand: [93ed2235776d315f668c5e4903b19165, sendKeysToElement {id=f12ae7b7-b41c-416f-94a3-4965b398ce14, value=[Ljava.lang.CharSequence;@26aecf31}]\nCapabilities {acceptInsecureCerts: false, browserName: chrome, browserVersion: 103.0.5060.53, chrome: {chromedriverVersion: 103.0.5060.53 (a1711811edd7..., userDataDir: C:\\Users\\ACER\\AppData\\Local...}, goog:chromeOptions: {debuggerAddress: localhost:50404}, javascriptEnabled: true, networkConnectionEnabled: false, pageLoadStrategy: normal, platform: WINDOWS, platformName: WINDOWS, proxy: Proxy(), se:cdp: ws://localhost:50404/devtoo..., se:cdpVersion: 103.0.5060.53, setWindowRect: true, strictFileInteractability: false, timeouts: {implicit: 0, pageLoad: 300000, script: 30000}, unhandledPromptBehavior: dismiss and notify, webauthn:extension:credBlob: true, webauthn:extension:largeBlob: true, webauthn:virtualAuthenticators: true}\nElement: [[ChromeDriver: chrome on WINDOWS (93ed2235776d315f668c5e4903b19165)] -> xpath: //div[@class='task_editor__input_fields']]\nSession ID: 93ed2235776d315f668c5e4903b19165","trace":"org.openqa.selenium.ElementNotInteractableException: element not interactable\n  (Session info: chrome=103.0.5060.53)\nBuild info: version: '4.1.3', revision: '7b1ebf28ef'\nSystem info: host: 'DESKTOP-FFQQAKU', ip: '172.16.2.249', os.name: 'Windows 10', os.arch: 'amd64', os.version: '10.0', java.version: '11.0.13'\nDriver info: org.openqa.selenium.chrome.ChromeDriver\nCommand: [93ed2235776d315f668c5e4903b19165, sendKeysToElement {id=f12ae7b7-b41c-416f-94a3-4965b398ce14, value=[Ljava.lang.CharSequence;@26aecf31}]\nCapabilities {acceptInsecureCerts: false, browserName: chrome, browserVersion: 103.0.5060.53, chrome: {chromedriverVersion: 103.0.5060.53 (a1711811edd7..., userDataDir: C:\\Users\\ACER\\AppData\\Local...}, goog:chromeOptions: {debuggerAddress: localhost:50404}, javascriptEnabled: true, networkConnectionEnabled: false, pageLoadStrategy: normal, platform: WINDOWS, platformName: WINDOWS, proxy: Proxy(), se:cdp: ws://localhost:50404/devtoo..., se:cdpVersion: 103.0.5060.53, setWindowRect: true, strictFileInteractability: false, timeouts: {implicit: 0, pageLoad: 300000, script: 30000}, unhandledPromptBehavior: dismiss and notify, webauthn:extension:credBlob: true, webauthn:extension:largeBlob: true, webauthn:virtualAuthenticators: true}\nElement: [[ChromeDriver: chrome on WINDOWS (93ed2235776d315f668c5e4903b19165)] -> xpath: //div[@class='task_editor__input_fields']]\nSession ID: 93ed2235776d315f668c5e4903b19165\r\n\tat java.base/jdk.internal.reflect.NativeConstructorAccessorImpl.newInstance0(Native Method)\r\n\tat java.base/jdk.internal.reflect.NativeConstructorAccessorImpl.newInstance(NativeConstructorAccessorImpl.java:62)\r\n\tat java.base/jdk.internal.reflect.DelegatingConstructorAccessorImpl.newInstance(DelegatingConstructorAccessorImpl.java:45)\r\n\tat java.base/java.lang.reflect.Constructor.newInstance(Constructor.java:490)\r\n\tat org.openqa.selenium.remote.codec.w3c.W3CHttpResponseCodec.createException(W3CHttpResponseCodec.java:200)\r\n\tat org.openqa.selenium.remote.codec.w3c.W3CHttpResponseCodec.decode(W3CHttpResponseCodec.java:133)\r\n\tat org.openqa.selenium.remote.codec.w3c.W3CHttpResponseCodec.decode(W3CHttpResponseCodec.java:53)\r\n\tat org.openqa.selenium.remote.HttpCommandExecutor.execute(HttpCommandExecutor.java:184)\r\n\tat org.openqa.selenium.remote.service.DriverCommandExecutor.invokeExecute(DriverCommandExecutor.java:167)\r\n\tat org.openqa.selenium.remote.service.DriverCommandExecutor.execute(DriverCommandExecutor.java:142)\r\n\tat org.openqa.selenium.remote.RemoteWebDriver.execute(RemoteWebDriver.java:567)\r\n\tat org.openqa.selenium.remote.RemoteWebElement.execute(RemoteWebElement.java:251)\r\n\tat org.openqa.selenium.remote.RemoteWebElement.sendKeys(RemoteWebElement.java:107)\r\n\tat WebKeywords.WebKeywords.sendKeys(WebKeywords.java:424)\r\n\tat pages.ProjectPage.inputNameTask(ProjectPage.java:23)\r\n\tat test.TestAsign2B.Test01_CreateProject(TestAsign2B.java:68)\r\n\tat java.base/jdk.internal.reflect.NativeMethodAccessorImpl.invoke0(Native Method)\r\n\tat java.base/jdk.internal.reflect.NativeMethodAccessorImpl.invoke(NativeMethodAccessorImpl.java:62)\r\n\tat java.base/jdk.internal.reflect.DelegatingMethodAccessorImpl.invoke(DelegatingMethodAccessorImpl.java:43)\r\n\tat java.base/java.lang.reflect.Method.invoke(Method.java:566)\r\n\tat org.testng.internal.invokers.MethodInvocationHelper.invokeMethod(MethodInvocationHelper.java:135)\r\n\tat org.testng.internal.invokers.TestInvoker.invokeMethod(TestInvoker.java:673)\r\n\tat org.testng.internal.invokers.TestInvoker.invokeTestMethod(TestInvoker.java:220)\r\n\tat org.testng.internal.invokers.MethodRunner.runInSequence(MethodRunner.java:50)\r\n\tat org.testng.internal.invokers.TestInvoker$MethodInvocationAgent.invoke(TestInvoker.java:945)\r\n\tat org.testng.internal.invokers.TestInvoker.invokeTestMethods(TestInvoker.java:193)\r\n\tat org.testng.internal.invokers.TestMethodWorker.invokeTestMethods(TestMethodWorker.java:146)\r\n\tat org.testng.internal.invokers.TestMethodWorker.run(TestMethodWorker.java:128)\r\n\tat java.base/java.util.ArrayList.forEach(ArrayList.java:1541)\r\n\tat org.testng.TestRunner.privateRun(TestRunner.java:808)\r\n\tat org.testng.TestRunner.run(TestRunner.java:603)\r\n\tat org.testng.SuiteRunner.runTest(SuiteRunner.java:429)\r\n\tat org.testng.SuiteRunner.runSequentially(SuiteRunner.java:423)\r\n\tat org.testng.SuiteRunner.privateRun(SuiteRunner.java:383)\r\n\tat org.testng.SuiteRunner.run(SuiteRunner.java:326)\r\n\tat org.testng.SuiteRunnerWorker.runSuite(SuiteRunnerWorker.java:52)\r\n\tat org.testng.SuiteRunnerWorker.run(SuiteRunnerWorker.java:95)\r\n\tat org.testng.TestNG.runSuitesSequentially(TestNG.java:1249)\r\n\tat org.testng.TestNG.runSuitesLocally(TestNG.java:1169)\r\n\tat org.testng.TestNG.runSuites(TestNG.java:1092)\r\n\tat org.testng.TestNG.run(TestNG.java:1060)\r\n\tat com.intellij.rt.testng.IDEARemoteTestNG.run(IDEARemoteTestNG.java:66)\r\n\tat com.intellij.rt.testng.RemoteTestNGStarter.main(RemoteTestNGStarter.java:109)\r\n"},"stage":"finished","steps":[],"attachments":[],"parameters":[{"name":"nameTask","value":"hi task"}],"start":1655976028412,"stop":1655976028683}],"attachments":[],"parameters":[{"name":"browser","value":"Chrome"}],"start":1655976012233,"stop":1655976028727}